This is pdfTeX, Version 3.141592653-2.6-1.40.24 (MiKTeX 22.12) (preloaded format=pdflatex 2023.1.14)  17 JAN 2024 08:55
entering extended mode
 restricted \write18 enabled.
 file:line:error style messages enabled.
 %&-line parsing enabled.
**c:/Users/kevin/pension_system/research_application.tex
(c:/Users/kevin/pension_system/research_application.tex
LaTeX2e <2022-11-01> patch level 1
L3 programming layer <2022-12-17> (C:\Users\kevin\MiKTeX\tex/latex/base\article.cls
Document Class: article 2022/07/02 v1.4n Standard LaTeX document class
(C:\Users\kevin\MiKTeX\tex/latex/base\size12.clo
File: size12.clo 2022/07/02 v1.4n Standard LaTeX file (size option)
)
\c@part=\count185
\c@section=\count186
\c@subsection=\count187
\c@subsubsection=\count188
\c@paragraph=\count189
\c@subparagraph=\count190
\c@figure=\count191
\c@table=\count192
\abovecaptionskip=\skip48
\belowcaptionskip=\skip49
\bibindent=\dimen140
) (C:\Users\kevin\MiKTeX\tex/latex/cjk\CJKutf8.sty
Package: CJKutf8 2021/10/16 4.8.5
 (C:\Users\kevin\MiKTeX\tex/generic/iftex\ifpdf.sty
Package: ifpdf 2019/10/25 v3.4 ifpdf legacy package. Use iftex instead.
 (C:\Users\kevin\MiKTeX\tex/generic/iftex\iftex.sty
Package: iftex 2022/02/03 v1.0f TeX engine tests
)) (C:\Users\kevin\MiKTeX\tex/latex/base\inputenc.sty
Package: inputenc 2021/02/14 v1.3d Input encoding file
\inpenc@prehook=\toks16
\inpenc@posthook=\toks17
) (C:\Users\kevin\MiKTeX\tex/latex/cjk\CJK.sty
Package: CJK 2021/10/16 4.8.5
 (C:\Users\kevin\MiKTeX\tex/latex/cjk/mule\MULEenc.sty
Package: MULEenc 2021/10/16 4.8.5
) (C:\Users\kevin\MiKTeX\tex/latex/cjk\CJK.enc
File: CJK.enc 2021/10/16 4.8.5
Now handling font encoding C00 ...
... no UTF-8 mapping file for font encoding C00
Now handling font encoding C05 ...
... no UTF-8 mapping file for font encoding C05
Now handling font encoding C09 ...
... no UTF-8 mapping file for font encoding C09
Now handling font encoding C10 ...
... no UTF-8 mapping file for font encoding C10
Now handling font encoding C20 ...
... no UTF-8 mapping file for font encoding C20
Now handling font encoding C19 ...
... no UTF-8 mapping file for font encoding C19
Now handling font encoding C40 ...
... no UTF-8 mapping file for font encoding C40
Now handling font encoding C42 ...
... no UTF-8 mapping file for font encoding C42
Now handling font encoding C43 ...
... no UTF-8 mapping file for font encoding C43
Now handling font encoding C50 ...
... no UTF-8 mapping file for font encoding C50
Now handling font encoding C52 ...
... no UTF-8 mapping file for font encoding C52
Now handling font encoding C49 ...
... no UTF-8 mapping file for font encoding C49
Now handling font encoding C60 ...
... no UTF-8 mapping file for font encoding C60
Now handling font encoding C61 ...
... no UTF-8 mapping file for font encoding C61
Now handling font encoding C63 ...
... no UTF-8 mapping file for font encoding C63
Now handling font encoding C64 ...
... no UTF-8 mapping file for font encoding C64
Now handling font encoding C65 ...
... no UTF-8 mapping file for font encoding C65
Now handling font encoding C70 ...
... no UTF-8 mapping file for font encoding C70
Now handling font encoding C31 ...
... no UTF-8 mapping file for font encoding C31
Now handling font encoding C32 ...
... no UTF-8 mapping file for font encoding C32
Now handling font encoding C33 ...
... no UTF-8 mapping file for font encoding C33
Now handling font encoding C34 ...
... no UTF-8 mapping file for font encoding C34
Now handling font encoding C35 ...
... no UTF-8 mapping file for font encoding C35
Now handling font encoding C36 ...
... no UTF-8 mapping file for font encoding C36
Now handling font encoding C37 ...
... no UTF-8 mapping file for font encoding C37
Now handling font encoding C80 ...
... no UTF-8 mapping file for font encoding C80
Now handling font encoding C81 ...
... no UTF-8 mapping file for font encoding C81
Now handling font encoding C01 ...
... no UTF-8 mapping file for font encoding C01
Now handling font encoding C11 ...
... no UTF-8 mapping file for font encoding C11
Now handling font encoding C21 ...
... no UTF-8 mapping file for font encoding C21
Now handling font encoding C41 ...
... no UTF-8 mapping file for font encoding C41
Now handling font encoding C62 ...
... no UTF-8 mapping file for font encoding C62
)
\CJK@indent=\box51
) (C:\Users\kevin\MiKTeX\tex/latex/base\fontenc.sty
Package: fontenc 2021/04/29 v2.0v Standard LaTeX package
)) (C:\Users\kevin\MiKTeX\tex/latex/amsmath\amsmath.sty
Package: amsmath 2022/04/08 v2.17n AMS math features
\@mathmargin=\skip50

For additional information on amsmath, use the `?' option.
(C:\Users\kevin\MiKTeX\tex/latex/amsmath\amstext.sty
Package: amstext 2021/08/26 v2.01 AMS text
 (C:\Users\kevin\MiKTeX\tex/latex/amsmath\amsgen.sty
File: amsgen.sty 1999/11/30 v2.0 generic functions
\@emptytoks=\toks18
\ex@=\dimen141
)) (C:\Users\kevin\MiKTeX\tex/latex/amsmath\amsbsy.sty
Package: amsbsy 1999/11/29 v1.2d Bold Symbols
\pmbraise@=\dimen142
) (C:\Users\kevin\MiKTeX\tex/latex/amsmath\amsopn.sty
Package: amsopn 2022/04/08 v2.04 operator names
)
\inf@bad=\count193
LaTeX Info: Redefining \frac on input line 234.
\uproot@=\count194
\leftroot@=\count195
LaTeX Info: Redefining \overline on input line 399.
LaTeX Info: Redefining \colon on input line 410.
\classnum@=\count196
\DOTSCASE@=\count197
LaTeX Info: Redefining \ldots on input line 496.
LaTeX Info: Redefining \dots on input line 499.
LaTeX Info: Redefining \cdots on input line 620.
\Mathstrutbox@=\box52
\strutbox@=\box53
LaTeX Info: Redefining \big on input line 722.
LaTeX Info: Redefining \Big on input line 723.
LaTeX Info: Redefining \bigg on input line 724.
LaTeX Info: Redefining \Bigg on input line 725.
\big@size=\dimen143
LaTeX Font Info:    Redeclaring font encoding OML on input line 743.
LaTeX Font Info:    Redeclaring font encoding OMS on input line 744.
\macc@depth=\count198
LaTeX Info: Redefining \bmod on input line 905.
LaTeX Info: Redefining \pmod on input line 910.
LaTeX Info: Redefining \smash on input line 940.
LaTeX Info: Redefining \relbar on input line 970.
LaTeX Info: Redefining \Relbar on input line 971.
\c@MaxMatrixCols=\count199
\dotsspace@=\muskip16
\c@parentequation=\count266
\dspbrk@lvl=\count267
\tag@help=\toks19
\row@=\count268
\column@=\count269
\maxfields@=\count270
\andhelp@=\toks20
\eqnshift@=\dimen144
\alignsep@=\dimen145
\tagshift@=\dimen146
\tagwidth@=\dimen147
\totwidth@=\dimen148
\lineht@=\dimen149
\@envbody=\toks21
\multlinegap=\skip51
\multlinetaggap=\skip52
\mathdisplay@stack=\toks22
LaTeX Info: Redefining \[ on input line 2953.
LaTeX Info: Redefining \] on input line 2954.
) (C:\Users\kevin\MiKTeX\tex/latex/amsfonts\amssymb.sty
Package: amssymb 2013/01/14 v3.01 AMS font symbols
 (C:\Users\kevin\MiKTeX\tex/latex/amsfonts\amsfonts.sty
Package: amsfonts 2013/01/14 v3.01 Basic AMSFonts support
\symAMSa=\mathgroup4
\symAMSb=\mathgroup5
LaTeX Font Info:    Redeclaring math symbol \hbar on input line 98.
LaTeX Font Info:    Overwriting math alphabet `\mathfrak' in version `bold'
(Font)                  U/euf/m/n --> U/euf/b/n on input line 106.
)) (C:\Users\kevin\MiKTeX\tex/latex/amscls\amsthm.sty
Package: amsthm 2020/05/29 v2.20.6
\thm@style=\toks23
\thm@bodyfont=\toks24
\thm@headfont=\toks25
\thm@notefont=\toks26
\thm@headpunct=\toks27
\thm@preskip=\skip53
\thm@postskip=\skip54
\thm@headsep=\skip55
\dth@everypar=\toks28
) (C:\Users\kevin\MiKTeX\tex/latex/graphics\graphicx.sty
Package: graphicx 2021/09/16 v1.2d Enhanced LaTeX Graphics (DPC,SPQR)
 (C:\Users\kevin\MiKTeX\tex/latex/graphics\keyval.sty
Package: keyval 2022/05/29 v1.15 key=value parser (DPC)
\KV@toks@=\toks29
) (C:\Users\kevin\MiKTeX\tex/latex/graphics\graphics.sty
Package: graphics 2022/03/10 v1.4e Standard LaTeX Graphics (DPC,SPQR)
 (C:\Users\kevin\MiKTeX\tex/latex/graphics\trig.sty
Package: trig 2021/08/11 v1.11 sin cos tan (DPC)
) (C:\Users\kevin\MiKTeX\tex/latex/graphics-cfg\graphics.cfg
File: graphics.cfg 2016/06/04 v1.11 sample graphics configuration
)
Package graphics Info: Driver file: pdftex.def on input line 107.
 (C:\Users\kevin\MiKTeX\tex/latex/graphics-def\pdftex.def
File: pdftex.def 2022/09/22 v1.2b Graphics/color driver for pdftex
))
\Gin@req@height=\dimen150
\Gin@req@width=\dimen151
) (C:\Users\kevin\MiKTeX\tex/latex/doublestroke\dsfont.sty
Package: dsfont 1995/08/01 v0.1 Double stroke roman fonts
) (C:\Users\kevin\MiKTeX\tex/latex/apacite\apacite.sty
Package: apacite 2013/07/21 v6.03 APA citation
\c@BibCnt=\count271
\bibleftmargin=\skip56
\bibindent=\skip57
\bibparsep=\skip58
\bibitemsep=\skip59
\biblabelsep=\skip60
) (C:\Users\kevin\MiKTeX\tex/latex/natbib\natbib.sty
Package: natbib 2010/09/13 8.31b (PWD, AO)
\bibhang=\skip61
\bibsep=\skip62
LaTeX Info: Redefining \cite on input line 694.
\c@NAT@ctr=\count272
)
LaTeX Info: Redefining \BBA on input line 7.
 (C:\Users\kevin\MiKTeX\tex/latex/geometry\geometry.sty
Package: geometry 2020/01/02 v5.9 Page Geometry
 (C:\Users\kevin\MiKTeX\tex/generic/iftex\ifvtex.sty
Package: ifvtex 2019/10/25 v1.7 ifvtex legacy package. Use iftex instead.
)
\Gm@cnth=\count273
\Gm@cntv=\count274
\c@Gm@tempcnt=\count275
\Gm@bindingoffset=\dimen152
\Gm@wd@mp=\dimen153
\Gm@odd@mp=\dimen154
\Gm@even@mp=\dimen155
\Gm@layoutwidth=\dimen156
\Gm@layoutheight=\dimen157
\Gm@layouthoffset=\dimen158
\Gm@layoutvoffset=\dimen159
\Gm@dimlist=\toks30
 (C:\Users\kevin\MiKTeX\tex/latex/geometry\geometry.cfg))

Package geometry Warning: Over-specification in `h'-direction.
    `width' (597.50787pt) is ignored.


Package geometry Warning: Over-specification in `v'-direction.
    `height' (845.04684pt) is ignored.

(C:\Users\kevin\MiKTeX\tex/latex/l3backend\l3backend-pdftex.def
File: l3backend-pdftex.def 2022-10-26 L3 backend support: PDF output (pdfTeX)
\l__color_backend_stack_int=\count276
\l__pdf_internal_box=\box54
) (research_application.aux)
\openout1 = `research_application.aux'.

LaTeX Font Info:    Checking defaults for OML/cmm/m/it on input line 23.
LaTeX Font Info:    ... okay on input line 23.
LaTeX Font Info:    Checking defaults for OMS/cmsy/m/n on input line 23.
LaTeX Font Info:    ... okay on input line 23.
LaTeX Font Info:    Checking defaults for OT1/cmr/m/n on input line 23.
LaTeX Font Info:    ... okay on input line 23.
LaTeX Font Info:    Checking defaults for T1/cmr/m/n on input line 23.
LaTeX Font Info:    ... okay on input line 23.
LaTeX Font Info:    Checking defaults for TS1/cmr/m/n on input line 23.
LaTeX Font Info:    ... okay on input line 23.
LaTeX Font Info:    Checking defaults for OMX/cmex/m/n on input line 23.
LaTeX Font Info:    ... okay on input line 23.
LaTeX Font Info:    Checking defaults for U/cmr/m/n on input line 23.
LaTeX Font Info:    ... okay on input line 23.
LaTeX Font Info:    Checking defaults for C00/song/m/n on input line 23.
LaTeX Font Info:    ... okay on input line 23.
LaTeX Font Info:    Checking defaults for C05/song/m/n on input line 23.
LaTeX Font Info:    ... okay on input line 23.
LaTeX Font Info:    Checking defaults for C09/song/m/n on input line 23.
LaTeX Font Info:    ... okay on input line 23.
LaTeX Font Info:    Checking defaults for C10/song/m/n on input line 23.
LaTeX Font Info:    ... okay on input line 23.
LaTeX Font Info:    Checking defaults for C20/song/m/n on input line 23.
LaTeX Font Info:    ... okay on input line 23.
LaTeX Font Info:    Checking defaults for C19/song/m/n on input line 23.
LaTeX Font Info:    ... okay on input line 23.
LaTeX Font Info:    Checking defaults for C40/song/m/n on input line 23.
LaTeX Font Info:    ... okay on input line 23.
LaTeX Font Info:    Checking defaults for C42/song/m/n on input line 23.
LaTeX Font Info:    ... okay on input line 23.
LaTeX Font Info:    Checking defaults for C43/song/m/n on input line 23.
LaTeX Font Info:    ... okay on input line 23.
LaTeX Font Info:    Checking defaults for C50/song/m/n on input line 23.
LaTeX Font Info:    ... okay on input line 23.
LaTeX Font Info:    Checking defaults for C52/song/m/n on input line 23.
LaTeX Font Info:    ... okay on input line 23.
LaTeX Font Info:    Checking defaults for C49/song/m/n on input line 23.
LaTeX Font Info:    ... okay on input line 23.
LaTeX Font Info:    Checking defaults for C60/mj/m/n on input line 23.
LaTeX Font Info:    ... okay on input line 23.
LaTeX Font Info:    Checking defaults for C61/mj/m/n on input line 23.
LaTeX Font Info:    ... okay on input line 23.
LaTeX Font Info:    Checking defaults for C63/mj/m/n on input line 23.
LaTeX Font Info:    ... okay on input line 23.
LaTeX Font Info:    Checking defaults for C64/mj/m/n on input line 23.
LaTeX Font Info:    ... okay on input line 23.
LaTeX Font Info:    Checking defaults for C65/mj/m/n on input line 23.
LaTeX Font Info:    ... okay on input line 23.
LaTeX Font Info:    Checking defaults for C70/song/m/n on input line 23.
LaTeX Font Info:    ... okay on input line 23.
LaTeX Font Info:    Checking defaults for C31/song/m/n on input line 23.
LaTeX Font Info:    ... okay on input line 23.
LaTeX Font Info:    Checking defaults for C32/song/m/n on input line 23.
LaTeX Font Info:    ... okay on input line 23.
LaTeX Font Info:    Checking defaults for C33/song/m/n on input line 23.
LaTeX Font Info:    ... okay on input line 23.
LaTeX Font Info:    Checking defaults for C34/song/m/n on input line 23.
LaTeX Font Info:    ... okay on input line 23.
LaTeX Font Info:    Checking defaults for C35/song/m/n on input line 23.
LaTeX Font Info:    ... okay on input line 23.
LaTeX Font Info:    Checking defaults for C36/song/m/n on input line 23.
LaTeX Font Info:    ... okay on input line 23.
LaTeX Font Info:    Checking defaults for C37/song/m/n on input line 23.
LaTeX Font Info:    ... okay on input line 23.
LaTeX Font Info:    Checking defaults for C80/song/m/n on input line 23.
LaTeX Font Info:    ... okay on input line 23.
LaTeX Font Info:    Checking defaults for C81/song/m/n on input line 23.
LaTeX Font Info:    ... okay on input line 23.
LaTeX Font Info:    Checking defaults for C01/song/m/n on input line 23.
LaTeX Font Info:    ... okay on input line 23.
LaTeX Font Info:    Checking defaults for C11/song/m/n on input line 23.
LaTeX Font Info:    ... okay on input line 23.
LaTeX Font Info:    Checking defaults for C21/song/m/n on input line 23.
LaTeX Font Info:    ... okay on input line 23.
LaTeX Font Info:    Checking defaults for C41/song/m/n on input line 23.
LaTeX Font Info:    ... okay on input line 23.
LaTeX Font Info:    Checking defaults for C62/song/m/n on input line 23.
LaTeX Font Info:    ... okay on input line 23.
 (C:\Users\kevin\MiKTeX\tex/context/base/mkii\supp-pdf.mkii
[Loading MPS to PDF converter (version 2006.09.02).]
\scratchcounter=\count277
\scratchdimen=\dimen160
\scratchbox=\box55
\nofMPsegments=\count278
\nofMParguments=\count279
\everyMPshowfont=\toks31
\MPscratchCnt=\count280
\MPscratchDim=\dimen161
\MPnumerator=\count281
\makeMPintoPDFobject=\count282
\everyMPtoPDFconversion=\toks32
) (C:\Users\kevin\MiKTeX\tex/latex/epstopdf-pkg\epstopdf-base.sty
Package: epstopdf-base 2020-01-24 v2.11 Base part for package epstopdf
Package epstopdf-base Info: Redefining graphics rule for `.eps' on input line 485.
 (C:\Users\kevin\MiKTeX\tex/latex/00miktex\epstopdf-sys.cfg
File: epstopdf-sys.cfg 2021/03/18 v2.0 Configuration of epstopdf for MiKTeX
))
\c@maskedRefs=\count283
 (C:\Users\kevin\MiKTeX\tex/latex/apacite\english.apc
File: english.apc 2013/07/21 v6.03 apacite language file
LaTeX Info: Redefining \BPBI on input line 129.
LaTeX Info: Redefining \BHBI on input line 130.
)
*geometry* driver: auto-detecting
*geometry* detected driver: pdftex
*geometry* verbose mode - [ preamble ] result:
* driver: pdftex
* paper: a4paper
* layout: <same size as paper>
* layoutoffset:(h,v)=(0.0pt,0.0pt)
* modes: 
* h-part:(L,W,R)=(85.35826pt, 426.79135pt, 85.35826pt)
* v-part:(T,H,B)=(85.35826pt, 645.87756pt, 113.81102pt)
* \paperwidth=597.50787pt
* \paperheight=845.04684pt
* \textwidth=426.79135pt
* \textheight=645.87756pt
* \oddsidemargin=13.08827pt
* \evensidemargin=13.08827pt
* \topmargin=-23.91173pt
* \headheight=12.0pt
* \headsep=25.0pt
* \topskip=12.0pt
* \footskip=30.0pt
* \marginparwidth=44.0pt
* \marginparsep=10.0pt
* \columnsep=10.0pt
* \skip\footins=10.8pt plus 4.0pt minus 2.0pt
* \hoffset=0.0pt
* \voffset=0.0pt
* \mag=1000
* \@twocolumnfalse
* \@twosidefalse
* \@mparswitchfalse
* \@reversemarginfalse
* (1in=72.27pt=25.4mm, 1cm=28.453pt)

(C:\Users\kevin\MiKTeX\tex/latex/cjk/UTF8\UTF8.bdg
File: UTF8.bdg 2021/10/16 4.8.5
) (C:\Users\kevin\MiKTeX\tex/latex/cjk/UTF8\UTF8.enc
File: UTF8.enc 2021/10/16 4.8.5
) (C:\Users\kevin\MiKTeX\tex/latex/cjk/UTF8\UTF8.chr
File: UTF8.chr 2021/10/16 4.8.5
)
LaTeX Font Info:    Trying to load font information for C70+bkai on input line 26.
 (C:\Users\kevin\MiKTeX\tex/latex/cjk/UTF8\c70bkai.fd
File: c70bkai.fd 2021/10/16 4.8.5
) (C:\Users\kevin\MiKTeX\tex/latex/cjk/UTF8\c70bkai.fdx
File: c70bkai.fdx 2021/10/16 4.8.5
)
LaTeX Font Info:    Trying to load font information for U+msa on input line 26.
 (C:\Users\kevin\MiKTeX\tex/latex/amsfonts\umsa.fd
File: umsa.fd 2013/01/14 v3.01 AMS symbols A
)
LaTeX Font Info:    Trying to load font information for U+msb on input line 26.
 (C:\Users\kevin\MiKTeX\tex/latex/amsfonts\umsb.fd
File: umsb.fd 2013/01/14 v3.01 AMS symbols B
)

LaTeX Warning: No \author given.

<tw_pension_pay.png, id=59, 826.287pt x 384.2355pt>
File: tw_pension_pay.png Graphic file (type png)
<use tw_pension_pay.png>
Package pdftex.def Info: tw_pension_pay.png  used on input line 39.
(pdftex.def)             Requested size: 341.43437pt x 158.76878pt.
[1

{C:/Users/kevin/AppData/Local/MiKTeX/fonts/map/pdftex/pdftex.map} <./tw_pension_pay.png>] [2] [3] [4]
Overfull \hbox (3.40408pt too wide) in paragraph at lines 192--197
\C70/bkai/m/n/12/51 v \C70/bkai/m/n/12/4e -$\OML/cmm/m/it/12 ^^Y[]$\C70/bkai/m/n/12/70 ∫ \C70/bkai/m/n/12/65 ? \C70/bkai/m/n/12/5e ú \C70/bkai/m/n/12/89 Å \C70/bkai/m/n/12/6c B \C70/bkai/m/n/12/96 « \C70/bkai/m/n/12/4e ; \C70/bkai/m/n/12/6b œ \C70/bkai/m/n/12/67 ^^_ \C70/bkai/m/n/12/4e ÿ \C70/bkai/m/n/12/51 ˙ \C70/bkai/m/n/12/76 Ñ \C70/bkai/m/n/12/52 ﬁ \C70/bkai/m/n/12/4f › \C70/bkai/m/n/12/8c ª \C70/bkai/m/n/12/75 ( \C70/bkai/m/n/12/ff ^^L$\OML/cmm/m/it/12 psr[]$\C70/bkai/m/n/12/70 ∫ \C70/bkai/m/n/12/65 ? \C70/bkai/m/n/12/5e ú \C70/bkai/m/n/12/66 / \C70/bkai/m/n/12/54 & \C70/bkai/m/n/12/5b Ê \C70/bkai/m/n/12/88 L \C70/bkai/m/n/12/5e t \C70/bkai/m/n/12/91 — \C70/bkai/m/n/12/65 9 \C70/bkai/m/n/12/97 i\OT1/cmr/m/n/12 ($\OML/cmm/m/it/12 psr[] \OT1/cmr/m/n/12 =
 []

[5] (research_application.bbl [6]

LaTeX Font Warning: Font shape `C70/bkai/m/it' undefined
(Font)              using `C70/bkai/m/n' instead on input line 249.

) [7] (research_application.aux)

LaTeX Font Warning: Some font shapes were not available, defaults substituted.

 ) 
Here is how much of TeX's memory you used:
 7450 strings out of 476406
 105084 string characters out of 2800354
 1886787 words of memory out of 3000000
 27433 multiletter control sequences out of 15000+600000
 567750 words of font info for 229 fonts, out of 8000000 for 9000
 1141 hyphenation exceptions out of 8191
 56i,16n,62p,277b,1439s stack positions out of 10000i,1000n,20000p,200000b,80000s
<C:/Users/kevin/MiKTeX/fonts/type1/arphic/bkaiu/bkaiu30.pfb><C:/Users/kevin/MiKTeX/fonts/type1/arphic/bkaiu/bkaiu4e.pfb><C:/Users/kevin/MiKTeX/fonts/type1/arphic/bkaiu/bkaiu4f.pfb><C:/Users/kevin/MiKTeX/fonts/type1/arphic/bkaiu/bkaiu50.pfb><C:/Users/kevin/MiKTeX/fonts/type1/arphic/bkaiu/bkaiu51.pfb><C:/Users/kevin/MiKTeX/fonts/type1/arphic/bkaiu/bkaiu52.pfb><C:/Users/kevin/MiKTeX/fonts/type1/arphic/bkaiu/bkaiu53.pfb><C:/Users/kevin/MiKTeX/fonts/type1/arphic/bkaiu/bkaiu54.pfb><C:/Users/kevin/MiKTeX/fonts/type1/arphic/bkaiu/bkaiu55.pfb><C:/Users/kevin/MiKTeX/fonts/type1/arphic/bkaiu/bkaiu56.pfb><C:/Users/kevin/MiKTeX/fonts/type1/arphic/bkaiu/bkaiu57.pfb><C:/Users/kevin/MiKTeX/fonts/type1/arphic/bkaiu/bkaiu58.pfb><C:/Users/kevin/MiKTeX/fonts/type1/arphic/bkaiu/bkaiu59.pfb><C:/Users/kevin/MiKTeX/fonts/type1/arphic/bkaiu/bkaiu5b.pfb><C:/Users/kevin/MiKTeX/fonts/type1/arphic/bkaiu/bkaiu5c.pfb><C:/Users/kevin/MiKTeX/fonts/type1/arphic/bkaiu/bkaiu5d.pfb><C:/Users/kevin/MiKTeX/fonts/type1/arphic/bkaiu/bkaiu5e.pfb><C:/Users/kevin/MiKTeX/fonts/type1/arphic/bkaiu/bkaiu5f.pfb><C:/Users/kevin/MiKTeX/fonts/type1/arphic/bkaiu/bkaiu60.pfb><C:/Users/kevin/MiKTeX/fonts/type1/arphic/bkaiu/bkaiu61.pfb><C:/Users/kevin/MiKTeX/fonts/type1/arphic/bkaiu/bkaiu62.pfb><C:/Users/kevin/MiKTeX/fonts/type1/arphic/bkaiu/bkaiu63.pfb><C:/Users/kevin/MiKTeX/fonts/type1/arphic/bkaiu/bkaiu64.pfb><C:/Users/kevin/MiKTeX/fonts/type1/arphic/bkaiu/bkaiu65.pfb><C:/Users/kevin/MiKTeX/fonts/type1/arphic/bkaiu/bkaiu66.pfb><C:/Users/kevin/MiKTeX/fonts/type1/arphic/bkaiu/bkaiu67.pfb><C:/Users/kevin/MiKTeX/fonts/type1/arphic/bkaiu/bkaiu68.pfb><C:/Users/kevin/MiKTeX/fonts/type1/arphic/bkaiu/bkaiu69.pfb><C:/Users/kevin/MiKTeX/fonts/type1/arphic/bkaiu/bkaiu6a.pfb><C:/Users/kevin/MiKTeX/fonts/type1/arphic/bkaiu/bkaiu6b.pfb><C:/Users/kevin/MiKTeX/fonts/type1/arphic/bkaiu/bkaiu6c.pfb><C:/Users/kevin/MiKTeX/fonts/type1/arphic/bkaiu/bkaiu6d.pfb><C:/Users/kevin/MiKTeX/fonts/type1/arphic/bkaiu/bkaiu6e.pfb><C:/Users/kevin/MiKTeX/fonts/type1/arphic/bkaiu/bkaiu6f.pfb><C:/Users/kevin/MiKTeX/fonts/type1/arphic/bkaiu/bkaiu70.pfb><C:/Users/kevin/MiKTeX/fonts/type1/arphic/bkaiu/bkaiu71.pfb><C:/Users/kevin/MiKTeX/fonts/type1/arphic/bkaiu/bkaiu72.pfb><C:/Users/kevin/MiKTeX/fonts/type1/arphic/bkaiu/bkaiu73.pfb><C:/Users/kevin/MiKTeX/fonts/type1/arphic/bkaiu/bkaiu74.pfb><C:/Users/kevin/MiKTeX/fonts/type1/arphic/bkaiu/bkaiu75.pfb><C:/Users/kevin/MiKTeX/fonts/type1/arphic/bkaiu/bkaiu76.pfb><C:/Users/kevin/MiKTeX/fonts/type1/arphic/bkaiu/bkaiu77.pfb><C:/Users/kevin/MiKTeX/fonts/type1/arphic/bkaiu/bkaiu78.pfb><C:/Users/kevin/MiKTeX/fonts/type1/arphic/bkaiu/bkaiu79.pfb><C:/Users/kevin/MiKTeX/fonts/type1/arphic/bkaiu/bkaiu7a.pfb><C:/Users/kevin/MiKTeX/fonts/type1/arphic/bkaiu/bkaiu7b.pfb><C:/Users/kevin/MiKTeX/fonts/type1/arphic/bkaiu/bkaiu7c.pfb><C:/Users/kevin/MiKTeX/fonts/type1/arphic/bkaiu/bkaiu7d.pfb><C:/Users/kevin/MiKTeX/fonts/type1/arphic/bkaiu/bkaiu7e.pfb><C:/Users/kevin/MiKTeX/fonts/type1/arphic/bkaiu/bkaiu7f.pfb><C:/Users/kevin/MiKTeX/fonts/type1/arphic/bkaiu/bkaiu80.pfb><C:/Users/kevin/MiKTeX/fonts/type1/arphic/bkaiu/bkaiu81.pfb><C:/Users/kevin/MiKTeX/fonts/type1/arphic/bkaiu/bkaiu82.pfb><C:/Users/kevin/MiKTeX/fonts/type1/arphic/bkaiu/bkaiu84.pfb><C:/Users/kevin/MiKTeX/fonts/type1/arphic/bkaiu/bkaiu85.pfb><C:/Users/kevin/MiKTeX/fonts/type1/arphic/bkaiu/bkaiu86.pfb><C:/Users/kevin/MiKTeX/fonts/type1/arphic/bkaiu/bkaiu87.pfb><C:/Users/kevin/MiKTeX/fonts/type1/arphic/bkaiu/bkaiu88.pfb><C:/Users/kevin/MiKTeX/fonts/type1/arphic/bkaiu/bkaiu89.pfb><C:/Users/kevin/MiKTeX/fonts/type1/arphic/bkaiu/bkaiu8a.pfb><C:/Users/kevin/MiKTeX/fonts/type1/arphic/bkaiu/bkaiu8b.pfb><C:/Users/kevin/MiKTeX/fonts/type1/arphic/bkaiu/bkaiu8c.pfb><C:/Users/kevin/MiKTeX/fonts/type1/arphic/bkaiu/bkaiu8d.pfb><C:/Users/kevin/MiKTeX/fonts/type1/arphic/bkaiu/bkaiu8e.pfb><C:/Users/kevin/MiKTeX/fonts/type1/arphic/bkaiu/bkaiu8f.pfb><C:/Users/kevin/MiKTeX/fonts/type1/arphic/bkaiu/bkaiu90.pfb><C:/Users/kevin/MiKTeX/fonts/type1/arphic/bkaiu/bkaiu91.pfb><C:/Users/kevin/MiKTeX/fonts/type1/arphic/bkaiu/bkaiu95.pfb><C:/Users/kevin/MiKTeX/fonts/type1/arphic/bkaiu/bkaiu96.pfb><C:/Users/kevin/MiKTeX/fonts/type1/arphic/bkaiu/bkaiu97.pfb><C:/Users/kevin/MiKTeX/fonts/type1/arphic/bkaiu/bkaiu98.pfb><C:/Users/kevin/MiKTeX/fonts/type1/arphic/bkaiu/bkaiu99.pfb><C:/Users/kevin/MiKTeX/fonts/type1/arphic/bkaiu/bkaiu9a.pfb><C:/Users/kevin/MiKTeX/fonts/type1/arphic/bkaiu/bkaiu9e.pfb><C:/Users/kevin/MiKTeX/fonts/type1/arphic/bkaiu/bkaiu9f.pfb><C:/Users/kevin/MiKTeX/fonts/type1/arphic/bkaiu/bkaiuff.pfb><C:/Users/kevin/MiKTeX/fonts/type1/public/amsfonts/cm/cmbx12.pfb><C:/Users/kevin/MiKTeX/fonts/type1/public/amsfonts/cm/cmmi12.pfb><C:/Users/kevin/MiKTeX/fonts/type1/public/amsfonts/cm/cmmi6.pfb><C:/Users/kevin/MiKTeX/fonts/type1/public/amsfonts/cm/cmmi8.pfb><C:/Users/kevin/MiKTeX/fonts/type1/public/amsfonts/cm/cmr10.pfb><C:/Users/kevin/MiKTeX/fonts/type1/public/amsfonts/cm/cmr12.pfb><C:/Users/kevin/MiKTeX/fonts/type1/public/amsfonts/cm/cmr17.pfb><C:/Users/kevin/MiKTeX/fonts/type1/public/amsfonts/cm/cmr6.pfb><C:/Users/kevin/MiKTeX/fonts/type1/public/amsfonts/cm/cmr7.pfb><C:/Users/kevin/MiKTeX/fonts/type1/public/amsfonts/cm/cmr8.pfb><C:/Users/kevin/MiKTeX/fonts/type1/public/amsfonts/cm/cmsy10.pfb><C:/Users/kevin/MiKTeX/fonts/type1/public/amsfonts/cm/cmsy8.pfb><C:/Users/kevin/MiKTeX/fonts/type1/public/amsfonts/cm/cmti12.pfb><C:/Users/kevin/MiKTeX/fonts/type1/public/amsfonts/symbols/msbm10.pfb>
Output written on research_application.pdf (7 pages, 934397 bytes).
PDF statistics:
 555 PDF objects out of 1000 (max. 8388607)
 0 named destinations out of 1000 (max. 500000)
 310 words of extra memory for PDF output out of 10000 (max. 10000000)

